<?xml version="1.0"?>
<!DOCTYPE coverage SYSTEM "https://raw.githubusercontent.com/cobertura/cobertura/master/cobertura/src/site/htdocs/xml/coverage-04.dtd">
<coverage line-rate="0.9384615384615385" branch-rate="0.8993055555555556" lines-covered="1037" lines-valid="1105" branches-covered="518" branches-valid="576" complexity="0.0" timestamp="1727348329" version="Slather 2.8.4">
  <sources>
    <source>/Users/artembakanov/Documents/Guardian.swiftlib</source>
  </sources>
  <packages>
    <package name="Guardian.API" line-rate="0.9423076923076923" branch-rate="0.9135802469135802" complexity="0.0">
      <classes>
        <class name="APIClient" filename="Guardian/API/APIClient.swift" line-rate="1.0000000000000000" branch-rate="0.9230769230769231" complexity="0.0">
          <methods/>
          <lines>
            <line number="30" branch="true" hits="43" condition-coverage="100% (1/1)">
              <conditions>
                <condition number="0" type="jump" coverage="100%"/>
              </conditions>
            </line>
            <line number="31" branch="false" hits="43"/>
            <line number="32" branch="false" hits="43"/>
            <line number="33" branch="false" hits="43"/>
            <line number="35" branch="true" hits="12" condition-coverage="100% (1/1)">
              <conditions>
                <condition number="0" type="jump" coverage="100%"/>
              </conditions>
            </line>
            <line number="36" branch="false" hits="12"/>
            <line number="37" branch="true" hits="12" condition-coverage="100% (1/1)">
              <conditions>
                <condition number="0" type="jump" coverage="100%"/>
              </conditions>
            </line>
            <line number="38" branch="false" hits="12"/>
            <line number="39" branch="true" hits="12" condition-coverage="100% (1/1)">
              <conditions>
                <condition number="0" type="jump" coverage="100%"/>
              </conditions>
            </line>
            <line number="40" branch="false" hits="3"/>
            <line number="41" branch="true" hits="9" condition-coverage="100% (1/1)">
              <conditions>
                <condition number="0" type="jump" coverage="100%"/>
              </conditions>
            </line>
            <line number="42" branch="false" hits="9"/>
            <line number="43" branch="false" hits="9"/>
            <line number="44" branch="true" hits="9" condition-coverage="100% (1/1)">
              <conditions>
                <condition number="0" type="jump" coverage="100%"/>
              </conditions>
            </line>
            <line number="45" branch="false" hits="12"/>
            <line number="46" branch="true" hits="12" condition-coverage="100% (1/1)">
              <conditions>
                <condition number="0" type="jump" coverage="100%"/>
              </conditions>
            </line>
            <line number="47" branch="false" hits="3"/>
            <line number="48" branch="true" hits="3" condition-coverage="100% (1/1)">
              <conditions>
                <condition number="0" type="jump" coverage="100%"/>
              </conditions>
            </line>
            <line number="49" branch="false" hits="12"/>
            <line number="51" branch="true" hits="25" condition-coverage="100% (1/1)">
              <conditions>
                <condition number="0" type="jump" coverage="100%"/>
              </conditions>
            </line>
            <line number="52" branch="false" hits="25"/>
            <line number="53" branch="false" hits="25"/>
            <line number="54" branch="false" hits="25"/>
            <line number="55" branch="false" hits="25"/>
            <line number="57" branch="true" hits="6" condition-coverage="100% (1/1)">
              <conditions>
                <condition number="0" type="jump" coverage="100%"/>
              </conditions>
            </line>
            <line number="58" branch="false" hits="6"/>
            <line number="59" branch="false" hits="6"/>
            <line number="61" branch="true" hits="2" condition-coverage="100% (1/1)">
              <conditions>
                <condition number="0" type="jump" coverage="100%"/>
              </conditions>
            </line>
            <line number="62" branch="false" hits="2"/>
            <line number="63" branch="false" hits="2"/>
            <line number="64" branch="false" hits="2"/>
            <line number="65" branch="false" hits="2"/>
            <line number="66" branch="false" hits="2"/>
            <line number="67" branch="false" hits="2"/>
            <line number="68" branch="false" hits="2"/>
            <line number="69" branch="false" hits="2"/>
            <line number="70" branch="false" hits="2"/>
            <line number="71" branch="false" hits="2"/>
            <line number="72" branch="false" hits="2"/>
            <line number="73" branch="true" hits="2" condition-coverage="50% (1/2)">
              <conditions>
                <condition number="0" type="jump" coverage="50%"/>
              </conditions>
            </line>
            <line number="74" branch="false" hits="2"/>
          </lines>
        </class>
        <class name="DeviceAPIClient" filename="Guardian/API/DeviceAPIClient.swift" line-rate="0.8888888888888888" branch-rate="0.8571428571428571" complexity="0.0">
          <methods/>
          <lines>
            <line number="32" branch="true" hits="8" condition-coverage="100% (1/1)">
              <conditions>
                <condition number="0" type="jump" coverage="100%"/>
              </conditions>
            </line>
            <line number="33" branch="false" hits="8"/>
            <line number="34" branch="false" hits="8"/>
            <line number="35" branch="false" hits="8"/>
            <line number="36" branch="false" hits="8"/>
            <line number="38" branch="true" hits="4" condition-coverage="100% (1/1)">
              <conditions>
                <condition number="0" type="jump" coverage="100%"/>
              </conditions>
            </line>
            <line number="39" branch="false" hits="4"/>
            <line number="40" branch="false" hits="4"/>
            <line number="42" branch="true" hits="4" condition-coverage="100% (1/1)">
              <conditions>
                <condition number="0" type="jump" coverage="100%"/>
              </conditions>
            </line>
            <line number="43" branch="false" hits="4"/>
            <line number="44" branch="true" hits="4" condition-coverage="100% (1/1)">
              <conditions>
                <condition number="0" type="jump" coverage="100%"/>
              </conditions>
            </line>
            <line number="45" branch="false" hits="4"/>
            <line number="46" branch="true" hits="4" condition-coverage="50% (1/2)">
              <conditions>
                <condition number="0" type="jump" coverage="50%"/>
              </conditions>
            </line>
            <line number="47" branch="false" hits="0"/>
            <line number="48" branch="true" hits="0" condition-coverage="100% (1/1)">
              <conditions>
                <condition number="0" type="jump" coverage="100%"/>
              </conditions>
            </line>
            <line number="49" branch="false" hits="4"/>
            <line number="50" branch="false" hits="4"/>
            <line number="51" branch="false" hits="4"/>
          </lines>
        </class>
        <class name="GuardianError" filename="Guardian/API/GuardianError.swift" line-rate="0.8936170212765957" branch-rate="0.9375000000000000" complexity="0.0">
          <methods/>
          <lines>
            <line number="31" branch="true" hits="19" condition-coverage="100% (1/1)">
              <conditions>
                <condition number="0" type="jump" coverage="100%"/>
              </conditions>
            </line>
            <line number="32" branch="false" hits="19"/>
            <line number="33" branch="true" hits="19" condition-coverage="100% (2/2)">
              <conditions>
                <condition number="0" type="jump" coverage="100%"/>
              </conditions>
            </line>
            <line number="34" branch="false" hits="19"/>
            <line number="35" branch="false" hits="19"/>
            <line number="36" branch="false" hits="19"/>
            <line number="55" branch="true" hits="30" condition-coverage="100% (1/1)">
              <conditions>
                <condition number="0" type="jump" coverage="100%"/>
              </conditions>
            </line>
            <line number="56" branch="true" hits="30" condition-coverage="100% (1/1)">
              <conditions>
                <condition number="0" type="jump" coverage="100%"/>
              </conditions>
            </line>
            <line number="57" branch="true" hits="30" condition-coverage="100% (1/1)">
              <conditions>
                <condition number="0" type="jump" coverage="100%"/>
              </conditions>
            </line>
            <line number="58" branch="true" hits="29" condition-coverage="100% (3/3)">
              <conditions>
                <condition number="0" type="jump" coverage="100%"/>
              </conditions>
            </line>
            <line number="59" branch="true" hits="29" condition-coverage="100% (1/1)">
              <conditions>
                <condition number="0" type="jump" coverage="100%"/>
              </conditions>
            </line>
            <line number="60" branch="false" hits="29"/>
            <line number="61" branch="false" hits="29"/>
            <line number="62" branch="false" hits="29"/>
            <line number="63" branch="false" hits="29"/>
            <line number="64" branch="false" hits="29"/>
            <line number="65" branch="false" hits="29"/>
            <line number="75" branch="true" hits="95" condition-coverage="100% (1/1)">
              <conditions>
                <condition number="0" type="jump" coverage="100%"/>
              </conditions>
            </line>
            <line number="76" branch="false" hits="95"/>
            <line number="77" branch="false" hits="95"/>
            <line number="80" branch="true" hits="0" condition-coverage="0% (0/1)">
              <conditions>
                <condition number="0" type="jump" coverage="0%"/>
              </conditions>
            </line>
            <line number="81" branch="false" hits="0"/>
            <line number="82" branch="false" hits="0"/>
            <line number="83" branch="false" hits="0"/>
            <line number="87" branch="true" hits="29" condition-coverage="100% (1/1)">
              <conditions>
                <condition number="0" type="jump" coverage="100%"/>
              </conditions>
            </line>
            <line number="88" branch="false" hits="29"/>
            <line number="89" branch="false" hits="29"/>
            <line number="90" branch="true" hits="95" condition-coverage="100% (1/1)">
              <conditions>
                <condition number="0" type="jump" coverage="100%"/>
              </conditions>
            </line>
            <line number="91" branch="true" hits="95" condition-coverage="100% (3/3)">
              <conditions>
                <condition number="0" type="jump" coverage="100%"/>
              </conditions>
            </line>
            <line number="92" branch="true" hits="65" condition-coverage="100% (1/1)">
              <conditions>
                <condition number="0" type="jump" coverage="100%"/>
              </conditions>
            </line>
            <line number="93" branch="false" hits="61"/>
            <line number="94" branch="true" hits="61" condition-coverage="100% (2/2)">
              <conditions>
                <condition number="0" type="jump" coverage="100%"/>
              </conditions>
            </line>
            <line number="95" branch="false" hits="1"/>
            <line number="96" branch="true" hits="1" condition-coverage="100% (2/2)">
              <conditions>
                <condition number="0" type="jump" coverage="100%"/>
              </conditions>
            </line>
            <line number="97" branch="false" hits="1"/>
            <line number="98" branch="true" hits="1" condition-coverage="100% (2/2)">
              <conditions>
                <condition number="0" type="jump" coverage="100%"/>
              </conditions>
            </line>
            <line number="99" branch="false" hits="1"/>
            <line number="100" branch="true" hits="1" condition-coverage="50% (1/2)">
              <conditions>
                <condition number="0" type="jump" coverage="50%"/>
              </conditions>
            </line>
            <line number="101" branch="false" hits="0"/>
            <line number="102" branch="true" hits="1" condition-coverage="100% (2/2)">
              <conditions>
                <condition number="0" type="jump" coverage="100%"/>
              </conditions>
            </line>
            <line number="103" branch="false" hits="1"/>
            <line number="104" branch="true" hits="1" condition-coverage="100% (1/1)">
              <conditions>
                <condition number="0" type="jump" coverage="100%"/>
              </conditions>
            </line>
            <line number="105" branch="true" hits="65" condition-coverage="100% (1/1)">
              <conditions>
                <condition number="0" type="jump" coverage="100%"/>
              </conditions>
            </line>
            <line number="106" branch="true" hits="95" condition-coverage="100% (1/1)">
              <conditions>
                <condition number="0" type="jump" coverage="100%"/>
              </conditions>
            </line>
            <line number="107" branch="false" hits="29"/>
            <line number="108" branch="true" hits="29" condition-coverage="100% (1/1)">
              <conditions>
                <condition number="0" type="jump" coverage="100%"/>
              </conditions>
            </line>
            <line number="109" branch="false" hits="29"/>
          </lines>
        </class>
        <class name="Models" filename="Guardian/API/Models.swift" line-rate="1.0000000000000000" branch-rate="1.0000000000000000" complexity="0.0">
          <methods/>
          <lines>
            <line number="26" branch="true" hits="15" condition-coverage="100% (1/1)">
              <conditions>
                <condition number="0" type="jump" coverage="100%"/>
              </conditions>
            </line>
            <line number="31" branch="true" hits="1" condition-coverage="100% (1/1)">
              <conditions>
                <condition number="0" type="jump" coverage="100%"/>
              </conditions>
            </line>
            <line number="32" branch="true" hits="1" condition-coverage="100% (1/1)">
              <conditions>
                <condition number="0" type="jump" coverage="100%"/>
              </conditions>
            </line>
            <line number="33" branch="true" hits="1" condition-coverage="100% (1/1)">
              <conditions>
                <condition number="0" type="jump" coverage="100%"/>
              </conditions>
            </line>
            <line number="101" branch="true" hits="1" condition-coverage="100% (1/1)">
              <conditions>
                <condition number="0" type="jump" coverage="100%"/>
              </conditions>
            </line>
            <line number="102" branch="false" hits="1"/>
            <line number="103" branch="false" hits="1"/>
            <line number="104" branch="false" hits="1"/>
          </lines>
        </class>
        <class name="NoContent" filename="Guardian/API/NoContent.swift" line-rate="1.0000000000000000" branch-rate="1.0000000000000000" complexity="0.0">
          <methods/>
          <lines>
            <line number="27" branch="true" hits="1" condition-coverage="100% (1/1)">
              <conditions>
                <condition number="0" type="jump" coverage="100%"/>
              </conditions>
            </line>
            <line number="28" branch="true" hits="19" condition-coverage="100% (1/1)">
              <conditions>
                <condition number="0" type="jump" coverage="100%"/>
              </conditions>
            </line>
            <line number="29" branch="true" hits="1" condition-coverage="100% (1/1)">
              <conditions>
                <condition number="0" type="jump" coverage="100%"/>
              </conditions>
            </line>
          </lines>
        </class>
        <class name="Request" filename="Guardian/API/Request.swift" line-rate="0.9487179487179487" branch-rate="0.8571428571428571" complexity="0.0">
          <methods/>
          <lines>
            <line number="25" branch="true" hits="21" condition-coverage="100% (1/1)">
              <conditions>
                <condition number="0" type="jump" coverage="100%"/>
              </conditions>
            </line>
            <line number="26" branch="false" hits="21"/>
            <line number="27" branch="true" hits="21" condition-coverage="50% (1/2)">
              <conditions>
                <condition number="0" type="jump" coverage="50%"/>
              </conditions>
            </line>
            <line number="28" branch="true" hits="21" condition-coverage="100% (1/1)">
              <conditions>
                <condition number="0" type="jump" coverage="100%"/>
              </conditions>
            </line>
            <line number="29" branch="false" hits="21"/>
            <line number="34" branch="true" hits="49" condition-coverage="100% (1/1)">
              <conditions>
                <condition number="0" type="jump" coverage="100%"/>
              </conditions>
            </line>
            <line number="35" branch="true" hits="49" condition-coverage="100% (1/1)">
              <conditions>
                <condition number="0" type="jump" coverage="100%"/>
              </conditions>
            </line>
            <line number="36" branch="true" hits="49" condition-coverage="100% (1/1)">
              <conditions>
                <condition number="0" type="jump" coverage="100%"/>
              </conditions>
            </line>
            <line number="37" branch="true" hits="49" condition-coverage="100% (1/1)">
              <conditions>
                <condition number="0" type="jump" coverage="100%"/>
              </conditions>
            </line>
            <line number="38" branch="true" hits="49" condition-coverage="0% (0/1)">
              <conditions>
                <condition number="0" type="jump" coverage="0%"/>
              </conditions>
            </line>
            <line number="39" branch="false" hits="0"/>
            <line number="40" branch="true" hits="0" condition-coverage="100% (1/1)">
              <conditions>
                <condition number="0" type="jump" coverage="100%"/>
              </conditions>
            </line>
            <line number="41" branch="false" hits="49"/>
            <line number="43" branch="true" hits="62" condition-coverage="100% (1/1)">
              <conditions>
                <condition number="0" type="jump" coverage="100%"/>
              </conditions>
            </line>
            <line number="44" branch="false" hits="62"/>
            <line number="45" branch="false" hits="62"/>
            <line number="47" branch="true" hits="7" condition-coverage="100% (1/1)">
              <conditions>
                <condition number="0" type="jump" coverage="100%"/>
              </conditions>
            </line>
            <line number="48" branch="false" hits="7"/>
            <line number="49" branch="false" hits="7"/>
            <line number="50" branch="false" hits="7"/>
            <line number="52" branch="true" hits="53" condition-coverage="100% (1/1)">
              <conditions>
                <condition number="0" type="jump" coverage="100%"/>
              </conditions>
            </line>
            <line number="53" branch="false" hits="53"/>
            <line number="54" branch="false" hits="53"/>
            <line number="56" branch="true" hits="2" condition-coverage="100% (1/1)">
              <conditions>
                <condition number="0" type="jump" coverage="100%"/>
              </conditions>
            </line>
            <line number="57" branch="false" hits="2"/>
            <line number="58" branch="false" hits="2"/>
            <line number="59" branch="false" hits="2"/>
            <line number="61" branch="true" hits="1" condition-coverage="100% (1/1)">
              <conditions>
                <condition number="0" type="jump" coverage="100%"/>
              </conditions>
            </line>
            <line number="62" branch="true" hits="1" condition-coverage="100% (1/1)">
              <conditions>
                <condition number="0" type="jump" coverage="100%"/>
              </conditions>
            </line>
            <line number="63" branch="true" hits="1" condition-coverage="50% (1/2)">
              <conditions>
                <condition number="0" type="jump" coverage="50%"/>
              </conditions>
            </line>
            <line number="64" branch="false" hits="1"/>
            <line number="65" branch="false" hits="1"/>
            <line number="66" branch="false" hits="1"/>
            <line number="68" branch="true" hits="3" condition-coverage="100% (1/1)">
              <conditions>
                <condition number="0" type="jump" coverage="100%"/>
              </conditions>
            </line>
            <line number="69" branch="false" hits="3"/>
            <line number="70" branch="false" hits="3"/>
            <line number="71" branch="false" hits="3"/>
            <line number="73" branch="true" hits="1" condition-coverage="100% (1/1)">
              <conditions>
                <condition number="0" type="jump" coverage="100%"/>
              </conditions>
            </line>
            <line number="74" branch="true" hits="1" condition-coverage="100% (1/1)">
              <conditions>
                <condition number="0" type="jump" coverage="100%"/>
              </conditions>
            </line>
          </lines>
        </class>
      </classes>
    </package>
    <package name="Guardian.Authentication" line-rate="0.9777777777777777" branch-rate="0.9500000000000000" complexity="0.0">
      <classes>
        <class name="Authentication" filename="Guardian/Authentication/Authentication.swift" line-rate="0.9777777777777777" branch-rate="0.9500000000000000" complexity="0.0">
          <methods/>
          <lines>
            <line number="116" branch="true" hits="4" condition-coverage="100% (1/1)">
              <conditions>
                <condition number="0" type="jump" coverage="100%"/>
              </conditions>
            </line>
            <line number="117" branch="false" hits="4"/>
            <line number="118" branch="false" hits="4"/>
            <line number="128" branch="true" hits="10" condition-coverage="100% (1/1)">
              <conditions>
                <condition number="0" type="jump" coverage="100%"/>
              </conditions>
            </line>
            <line number="129" branch="false" hits="10"/>
            <line number="130" branch="false" hits="10"/>
            <line number="131" branch="false" hits="10"/>
            <line number="132" branch="false" hits="10"/>
            <line number="134" branch="true" hits="12" condition-coverage="100% (1/1)">
              <conditions>
                <condition number="0" type="jump" coverage="100%"/>
              </conditions>
            </line>
            <line number="135" branch="false" hits="12"/>
            <line number="136" branch="false" hits="12"/>
            <line number="137" branch="false" hits="12"/>
            <line number="138" branch="false" hits="12"/>
            <line number="139" branch="false" hits="12"/>
            <line number="141" branch="true" hits="22" condition-coverage="100% (1/1)">
              <conditions>
                <condition number="0" type="jump" coverage="100%"/>
              </conditions>
            </line>
            <line number="142" branch="false" hits="22"/>
            <line number="143" branch="false" hits="22"/>
            <line number="144" branch="false" hits="22"/>
            <line number="145" branch="false" hits="22"/>
            <line number="146" branch="false" hits="22"/>
            <line number="147" branch="false" hits="22"/>
            <line number="148" branch="false" hits="22"/>
            <line number="149" branch="false" hits="22"/>
            <line number="150" branch="false" hits="22"/>
            <line number="151" branch="false" hits="22"/>
            <line number="152" branch="false" hits="22"/>
            <line number="153" branch="false" hits="22"/>
            <line number="154" branch="true" hits="22" condition-coverage="100% (1/1)">
              <conditions>
                <condition number="0" type="jump" coverage="100%"/>
              </conditions>
            </line>
            <line number="155" branch="true" hits="22" condition-coverage="100% (1/1)">
              <conditions>
                <condition number="0" type="jump" coverage="100%"/>
              </conditions>
            </line>
            <line number="156" branch="true" hits="22" condition-coverage="50% (1/2)">
              <conditions>
                <condition number="0" type="jump" coverage="50%"/>
              </conditions>
            </line>
            <line number="157" branch="false" hits="0"/>
            <line number="158" branch="true" hits="22" condition-coverage="100% (1/1)">
              <conditions>
                <condition number="0" type="jump" coverage="100%"/>
              </conditions>
            </line>
            <line number="159" branch="true" hits="22" condition-coverage="100% (1/1)">
              <conditions>
                <condition number="0" type="jump" coverage="100%"/>
              </conditions>
            </line>
            <line number="160" branch="false" hits="22"/>
            <line number="162" branch="true" hits="6" condition-coverage="100% (1/1)">
              <conditions>
                <condition number="0" type="jump" coverage="100%"/>
              </conditions>
            </line>
            <line number="163" branch="false" hits="6"/>
            <line number="164" branch="true" hits="6" condition-coverage="100% (3/3)">
              <conditions>
                <condition number="0" type="jump" coverage="100%"/>
              </conditions>
            </line>
            <line number="165" branch="false" hits="2"/>
            <line number="166" branch="true" hits="4" condition-coverage="100% (1/1)">
              <conditions>
                <condition number="0" type="jump" coverage="100%"/>
              </conditions>
            </line>
            <line number="167" branch="true" hits="4" condition-coverage="100% (3/3)">
              <conditions>
                <condition number="0" type="jump" coverage="100%"/>
              </conditions>
            </line>
            <line number="168" branch="false" hits="2"/>
            <line number="169" branch="true" hits="2" condition-coverage="100% (1/1)">
              <conditions>
                <condition number="0" type="jump" coverage="100%"/>
              </conditions>
            </line>
            <line number="170" branch="false" hits="2"/>
            <line number="171" branch="true" hits="2" condition-coverage="100% (1/1)">
              <conditions>
                <condition number="0" type="jump" coverage="100%"/>
              </conditions>
            </line>
            <line number="172" branch="false" hits="6"/>
          </lines>
        </class>
      </classes>
    </package>
    <package name="Guardian.Authentication.Notification" line-rate="0.9375000000000000" branch-rate="0.9230769230769231" complexity="0.0">
      <classes>
        <class name="AuthenticationCategory" filename="Guardian/Authentication/Notification/AuthenticationCategory.swift" line-rate="1.0000000000000000" branch-rate="1.0000000000000000" complexity="0.0">
          <methods/>
          <lines>
            <line number="114" branch="true" hits="20" condition-coverage="100% (1/1)">
              <conditions>
                <condition number="0" type="jump" coverage="100%"/>
              </conditions>
            </line>
            <line number="115" branch="false" hits="20"/>
            <line number="116" branch="false" hits="20"/>
            <line number="117" branch="false" hits="20"/>
            <line number="118" branch="false" hits="20"/>
            <line number="123" branch="true" hits="20" condition-coverage="100% (1/1)">
              <conditions>
                <condition number="0" type="jump" coverage="100%"/>
              </conditions>
            </line>
            <line number="124" branch="false" hits="20"/>
            <line number="125" branch="false" hits="20"/>
          </lines>
        </class>
        <class name="AuthenticationLocation" filename="Guardian/Authentication/Notification/AuthenticationLocation.swift" line-rate="0.8695652173913043" branch-rate="0.8181818181818182" complexity="0.0">
          <methods/>
          <lines>
            <line number="31" branch="true" hits="7" condition-coverage="100% (1/1)">
              <conditions>
                <condition number="0" type="jump" coverage="100%"/>
              </conditions>
            </line>
            <line number="32" branch="true" hits="7" condition-coverage="100% (1/1)">
              <conditions>
                <condition number="0" type="jump" coverage="100%"/>
              </conditions>
            </line>
            <line number="33" branch="false" hits="2"/>
            <line number="34" branch="true" hits="5" condition-coverage="100% (1/1)">
              <conditions>
                <condition number="0" type="jump" coverage="100%"/>
              </conditions>
            </line>
            <line number="35" branch="false" hits="5"/>
            <line number="36" branch="false" hits="5"/>
            <line number="37" branch="false" hits="5"/>
            <line number="38" branch="false" hits="5"/>
            <line number="39" branch="false" hits="5"/>
            <line number="40" branch="true" hits="5" condition-coverage="100% (1/1)">
              <conditions>
                <condition number="0" type="jump" coverage="100%"/>
              </conditions>
            </line>
            <line number="41" branch="false" hits="5"/>
            <line number="42" branch="false" hits="5"/>
            <line number="43" branch="true" hits="5" condition-coverage="50% (1/2)">
              <conditions>
                <condition number="0" type="jump" coverage="50%"/>
              </conditions>
            </line>
            <line number="44" branch="false" hits="0"/>
            <line number="45" branch="false" hits="0"/>
            <line number="46" branch="true" hits="0" condition-coverage="100% (1/1)">
              <conditions>
                <condition number="0" type="jump" coverage="100%"/>
              </conditions>
            </line>
            <line number="47" branch="false" hits="5"/>
            <line number="49" branch="true" hits="2" condition-coverage="100% (1/1)">
              <conditions>
                <condition number="0" type="jump" coverage="100%"/>
              </conditions>
            </line>
            <line number="50" branch="true" hits="2" condition-coverage="50% (1/2)">
              <conditions>
                <condition number="0" type="jump" coverage="50%"/>
              </conditions>
            </line>
            <line number="51" branch="false" hits="2"/>
            <line number="53" branch="true" hits="2" condition-coverage="100% (1/1)">
              <conditions>
                <condition number="0" type="jump" coverage="100%"/>
              </conditions>
            </line>
            <line number="54" branch="false" hits="2"/>
            <line number="55" branch="false" hits="2"/>
          </lines>
        </class>
        <class name="AuthenticationNotification" filename="Guardian/Authentication/Notification/AuthenticationNotification.swift" line-rate="0.9268292682926830" branch-rate="0.8750000000000000" complexity="0.0">
          <methods/>
          <lines>
            <line number="36" branch="true" hits="31" condition-coverage="100% (1/1)">
              <conditions>
                <condition number="0" type="jump" coverage="100%"/>
              </conditions>
            </line>
            <line number="37" branch="false" hits="31"/>
            <line number="38" branch="false" hits="31"/>
            <line number="39" branch="false" hits="31"/>
            <line number="40" branch="false" hits="31"/>
            <line number="41" branch="false" hits="31"/>
            <line number="42" branch="false" hits="31"/>
            <line number="43" branch="false" hits="31"/>
            <line number="44" branch="false" hits="31"/>
            <line number="45" branch="false" hits="31"/>
            <line number="47" branch="true" hits="14" condition-coverage="100% (1/1)">
              <conditions>
                <condition number="0" type="jump" coverage="100%"/>
              </conditions>
            </line>
            <line number="48" branch="false" hits="14"/>
            <line number="49" branch="false" hits="14"/>
            <line number="50" branch="false" hits="14"/>
            <line number="51" branch="false" hits="14"/>
            <line number="52" branch="true" hits="14" condition-coverage="100% (2/2)">
              <conditions>
                <condition number="0" type="jump" coverage="100%"/>
              </conditions>
            </line>
            <line number="53" branch="false" hits="12"/>
            <line number="54" branch="false" hits="12"/>
            <line number="55" branch="false" hits="12"/>
            <line number="56" branch="false" hits="12"/>
            <line number="57" branch="false" hits="12"/>
            <line number="58" branch="false" hits="12"/>
            <line number="59" branch="false" hits="12"/>
            <line number="60" branch="false" hits="12"/>
            <line number="61" branch="false" hits="12"/>
            <line number="62" branch="false" hits="12"/>
            <line number="63" branch="false" hits="12"/>
            <line number="64" branch="false" hits="12"/>
            <line number="65" branch="true" hits="12" condition-coverage="100% (2/2)">
              <conditions>
                <condition number="0" type="jump" coverage="100%"/>
              </conditions>
            </line>
            <line number="66" branch="false" hits="7"/>
            <line number="67" branch="false" hits="7"/>
            <line number="68" branch="false" hits="7"/>
            <line number="69" branch="false" hits="7"/>
            <line number="70" branch="false" hits="7"/>
            <line number="71" branch="false" hits="7"/>
            <line number="73" branch="true" hits="0" condition-coverage="0% (0/1)">
              <conditions>
                <condition number="0" type="jump" coverage="0%"/>
              </conditions>
            </line>
            <line number="74" branch="false" hits="0"/>
            <line number="75" branch="false" hits="0"/>
            <line number="77" branch="true" hits="3" condition-coverage="100% (1/1)">
              <conditions>
                <condition number="0" type="jump" coverage="100%"/>
              </conditions>
            </line>
            <line number="78" branch="false" hits="3"/>
            <line number="79" branch="false" hits="3"/>
          </lines>
        </class>
        <class name="AuthenticationSource" filename="Guardian/Authentication/Notification/AuthenticationSource.swift" line-rate="0.9750000000000000" branch-rate="0.9677419354838710" complexity="0.0">
          <methods/>
          <lines>
            <line number="31" branch="true" hits="8" condition-coverage="100% (1/1)">
              <conditions>
                <condition number="0" type="jump" coverage="100%"/>
              </conditions>
            </line>
            <line number="32" branch="false" hits="8"/>
            <line number="33" branch="false" hits="8"/>
            <line number="34" branch="false" hits="8"/>
            <line number="40" branch="true" hits="7" condition-coverage="100% (1/1)">
              <conditions>
                <condition number="0" type="jump" coverage="100%"/>
              </conditions>
            </line>
            <line number="41" branch="true" hits="7" condition-coverage="100% (1/1)">
              <conditions>
                <condition number="0" type="jump" coverage="100%"/>
              </conditions>
            </line>
            <line number="42" branch="false" hits="2"/>
            <line number="43" branch="true" hits="5" condition-coverage="100% (1/1)">
              <conditions>
                <condition number="0" type="jump" coverage="100%"/>
              </conditions>
            </line>
            <line number="44" branch="false" hits="5"/>
            <line number="45" branch="false" hits="5"/>
            <line number="46" branch="false" hits="5"/>
            <line number="47" branch="true" hits="5" condition-coverage="100% (1/1)">
              <conditions>
                <condition number="0" type="jump" coverage="100%"/>
              </conditions>
            </line>
            <line number="48" branch="false" hits="4"/>
            <line number="49" branch="false" hits="4"/>
            <line number="50" branch="true" hits="4" condition-coverage="100% (2/2)">
              <conditions>
                <condition number="0" type="jump" coverage="100%"/>
              </conditions>
            </line>
            <line number="51" branch="false" hits="1"/>
            <line number="52" branch="true" hits="1" condition-coverage="100% (1/1)">
              <conditions>
                <condition number="0" type="jump" coverage="100%"/>
              </conditions>
            </line>
            <line number="53" branch="true" hits="5" condition-coverage="100% (1/1)">
              <conditions>
                <condition number="0" type="jump" coverage="100%"/>
              </conditions>
            </line>
            <line number="54" branch="false" hits="4"/>
            <line number="55" branch="false" hits="4"/>
            <line number="56" branch="true" hits="4" condition-coverage="100% (2/2)">
              <conditions>
                <condition number="0" type="jump" coverage="100%"/>
              </conditions>
            </line>
            <line number="57" branch="false" hits="1"/>
            <line number="58" branch="true" hits="1" condition-coverage="100% (1/1)">
              <conditions>
                <condition number="0" type="jump" coverage="100%"/>
              </conditions>
            </line>
            <line number="59" branch="false" hits="5"/>
            <line number="60" branch="true" hits="5" condition-coverage="75% (3/4)">
              <conditions>
                <condition number="0" type="jump" coverage="75%"/>
              </conditions>
            </line>
            <line number="61" branch="false" hits="0"/>
            <line number="62" branch="true" hits="5" condition-coverage="100% (1/1)">
              <conditions>
                <condition number="0" type="jump" coverage="100%"/>
              </conditions>
            </line>
            <line number="63" branch="false" hits="5"/>
            <line number="64" branch="false" hits="5"/>
            <line number="65" branch="false" hits="5"/>
            <line number="67" branch="true" hits="6" condition-coverage="100% (1/1)">
              <conditions>
                <condition number="0" type="jump" coverage="100%"/>
              </conditions>
            </line>
            <line number="68" branch="true" hits="6" condition-coverage="100% (2/2)">
              <conditions>
                <condition number="0" type="jump" coverage="100%"/>
              </conditions>
            </line>
            <line number="69" branch="true" hits="6" condition-coverage="100% (4/4)">
              <conditions>
                <condition number="0" type="jump" coverage="100%"/>
              </conditions>
            </line>
            <line number="70" branch="true" hits="6" condition-coverage="100% (2/2)">
              <conditions>
                <condition number="0" type="jump" coverage="100%"/>
              </conditions>
            </line>
            <line number="71" branch="true" hits="6" condition-coverage="100% (4/4)">
              <conditions>
                <condition number="0" type="jump" coverage="100%"/>
              </conditions>
            </line>
            <line number="72" branch="false" hits="6"/>
            <line number="73" branch="false" hits="6"/>
            <line number="75" branch="true" hits="6" condition-coverage="100% (1/1)">
              <conditions>
                <condition number="0" type="jump" coverage="100%"/>
              </conditions>
            </line>
            <line number="76" branch="false" hits="6"/>
            <line number="77" branch="false" hits="6"/>
          </lines>
        </class>
      </classes>
    </package>
    <package name="Guardian.Crypto" line-rate="0.9470899470899471" branch-rate="0.9009009009009009" complexity="0.0">
      <classes>
        <class name="A0HMAC" filename="Guardian/Crypto/A0HMAC.swift" line-rate="0.9615384615384616" branch-rate="0.9375000000000000" complexity="0.0">
          <methods/>
          <lines>
            <line number="31" branch="true" hits="30" condition-coverage="100% (1/1)">
              <conditions>
                <condition number="0" type="jump" coverage="100%"/>
              </conditions>
            </line>
            <line number="32" branch="false" hits="30"/>
            <line number="33" branch="true" hits="30" condition-coverage="100% (2/2)">
              <conditions>
                <condition number="0" type="jump" coverage="100%"/>
              </conditions>
            </line>
            <line number="34" branch="true" hits="30" condition-coverage="100% (1/1)">
              <conditions>
                <condition number="0" type="jump" coverage="100%"/>
              </conditions>
            </line>
            <line number="35" branch="false" hits="18"/>
            <line number="36" branch="true" hits="18" condition-coverage="100% (1/1)">
              <conditions>
                <condition number="0" type="jump" coverage="100%"/>
              </conditions>
            </line>
            <line number="37" branch="true" hits="30" condition-coverage="100% (1/1)">
              <conditions>
                <condition number="0" type="jump" coverage="100%"/>
              </conditions>
            </line>
            <line number="38" branch="false" hits="6"/>
            <line number="39" branch="true" hits="6" condition-coverage="100% (1/1)">
              <conditions>
                <condition number="0" type="jump" coverage="100%"/>
              </conditions>
            </line>
            <line number="40" branch="true" hits="30" condition-coverage="100% (1/1)">
              <conditions>
                <condition number="0" type="jump" coverage="100%"/>
              </conditions>
            </line>
            <line number="41" branch="false" hits="6"/>
            <line number="42" branch="true" hits="6" condition-coverage="100% (1/1)">
              <conditions>
                <condition number="0" type="jump" coverage="100%"/>
              </conditions>
            </line>
            <line number="43" branch="true" hits="30" condition-coverage="0% (0/1)">
              <conditions>
                <condition number="0" type="jump" coverage="0%"/>
              </conditions>
            </line>
            <line number="44" branch="true" hits="0" condition-coverage="100% (1/1)">
              <conditions>
                <condition number="0" type="jump" coverage="100%"/>
              </conditions>
            </line>
            <line number="45" branch="true" hits="30" condition-coverage="100% (1/1)">
              <conditions>
                <condition number="0" type="jump" coverage="100%"/>
              </conditions>
            </line>
            <line number="46" branch="false" hits="30"/>
            <line number="47" branch="false" hits="30"/>
            <line number="49" branch="true" hits="36" condition-coverage="100% (1/1)">
              <conditions>
                <condition number="0" type="jump" coverage="100%"/>
              </conditions>
            </line>
            <line number="50" branch="false" hits="36"/>
            <line number="51" branch="true" hits="36" condition-coverage="100% (1/1)">
              <conditions>
                <condition number="0" type="jump" coverage="100%"/>
              </conditions>
            </line>
            <line number="52" branch="true" hits="36" condition-coverage="100% (1/1)">
              <conditions>
                <condition number="0" type="jump" coverage="100%"/>
              </conditions>
            </line>
            <line number="53" branch="false" hits="36"/>
            <line number="54" branch="true" hits="36" condition-coverage="100% (1/1)">
              <conditions>
                <condition number="0" type="jump" coverage="100%"/>
              </conditions>
            </line>
            <line number="55" branch="false" hits="36"/>
            <line number="56" branch="false" hits="36"/>
            <line number="57" branch="false" hits="36"/>
          </lines>
        </class>
        <class name="A0RSA" filename="Guardian/Crypto/A0RSA.swift" line-rate="1.0000000000000000" branch-rate="1.0000000000000000" complexity="0.0">
          <methods/>
          <lines>
            <line number="29" branch="true" hits="88" condition-coverage="100% (1/1)">
              <conditions>
                <condition number="0" type="jump" coverage="100%"/>
              </conditions>
            </line>
            <line number="30" branch="false" hits="88"/>
            <line number="31" branch="false" hits="88"/>
            <line number="32" branch="true" hits="42" condition-coverage="100% (1/1)">
              <conditions>
                <condition number="0" type="jump" coverage="100%"/>
              </conditions>
            </line>
            <line number="33" branch="false" hits="42"/>
            <line number="34" branch="false" hits="42"/>
            <line number="35" branch="false" hits="42"/>
            <line number="37" branch="true" hits="46" condition-coverage="100% (1/1)">
              <conditions>
                <condition number="0" type="jump" coverage="100%"/>
              </conditions>
            </line>
            <line number="38" branch="false" hits="46"/>
            <line number="39" branch="false" hits="46"/>
            <line number="40" branch="false" hits="46"/>
          </lines>
        </class>
        <class name="A0SHA" filename="Guardian/Crypto/A0SHA.swift" line-rate="0.9444444444444444" branch-rate="0.9090909090909091" complexity="0.0">
          <methods/>
          <lines>
            <line number="29" branch="true" hits="88" condition-coverage="100% (1/1)">
              <conditions>
                <condition number="0" type="jump" coverage="100%"/>
              </conditions>
            </line>
            <line number="30" branch="false" hits="88"/>
            <line number="31" branch="true" hits="88" condition-coverage="100% (2/2)">
              <conditions>
                <condition number="0" type="jump" coverage="100%"/>
              </conditions>
            </line>
            <line number="32" branch="true" hits="88" condition-coverage="100% (1/1)">
              <conditions>
                <condition number="0" type="jump" coverage="100%"/>
              </conditions>
            </line>
            <line number="33" branch="true" hits="88" condition-coverage="100% (1/1)">
              <conditions>
                <condition number="0" type="jump" coverage="100%"/>
              </conditions>
            </line>
            <line number="34" branch="true" hits="88" condition-coverage="0% (0/1)">
              <conditions>
                <condition number="0" type="jump" coverage="0%"/>
              </conditions>
            </line>
            <line number="35" branch="true" hits="0" condition-coverage="100% (1/1)">
              <conditions>
                <condition number="0" type="jump" coverage="100%"/>
              </conditions>
            </line>
            <line number="36" branch="true" hits="88" condition-coverage="100% (1/1)">
              <conditions>
                <condition number="0" type="jump" coverage="100%"/>
              </conditions>
            </line>
            <line number="37" branch="false" hits="88"/>
            <line number="39" branch="true" hits="88" condition-coverage="100% (1/1)">
              <conditions>
                <condition number="0" type="jump" coverage="100%"/>
              </conditions>
            </line>
            <line number="40" branch="false" hits="88"/>
            <line number="41" branch="false" hits="88"/>
            <line number="42" branch="true" hits="88" condition-coverage="100% (1/1)">
              <conditions>
                <condition number="0" type="jump" coverage="100%"/>
              </conditions>
            </line>
            <line number="43" branch="false" hits="88"/>
            <line number="44" branch="true" hits="88" condition-coverage="100% (1/1)">
              <conditions>
                <condition number="0" type="jump" coverage="100%"/>
              </conditions>
            </line>
            <line number="45" branch="false" hits="88"/>
            <line number="46" branch="false" hits="88"/>
            <line number="47" branch="false" hits="88"/>
          </lines>
        </class>
        <class name="Base32" filename="Guardian/Crypto/Base32.swift" line-rate="0.9782608695652174" branch-rate="0.9534883720930233" complexity="0.0">
          <methods/>
          <lines>
            <line number="48" branch="true" hits="38" condition-coverage="100% (1/1)">
              <conditions>
                <condition number="0" type="jump" coverage="100%"/>
              </conditions>
            </line>
            <line number="49" branch="false" hits="38"/>
            <line number="50" branch="true" hits="38" condition-coverage="0% (0/1)">
              <conditions>
                <condition number="0" type="jump" coverage="0%"/>
              </conditions>
            </line>
            <line number="51" branch="false" hits="0"/>
            <line number="52" branch="true" hits="38" condition-coverage="100% (1/1)">
              <conditions>
                <condition number="0" type="jump" coverage="100%"/>
              </conditions>
            </line>
            <line number="53" branch="false" hits="38"/>
            <line number="54" branch="false" hits="38"/>
            <line number="55" branch="false" hits="38"/>
            <line number="56" branch="false" hits="38"/>
            <line number="57" branch="false" hits="38"/>
            <line number="58" branch="false" hits="38"/>
            <line number="59" branch="false" hits="38"/>
            <line number="60" branch="false" hits="38"/>
            <line number="61" branch="false" hits="38"/>
            <line number="62" branch="true" hits="1560" condition-coverage="100% (1/1)">
              <conditions>
                <condition number="0" type="jump" coverage="100%"/>
              </conditions>
            </line>
            <line number="63" branch="false" hits="1560"/>
            <line number="64" branch="false" hits="1560"/>
            <line number="65" branch="true" hits="1560" condition-coverage="100% (3/3)">
              <conditions>
                <condition number="0" type="jump" coverage="100%"/>
              </conditions>
            </line>
            <line number="66" branch="false" hits="1"/>
            <line number="67" branch="true" hits="1560" condition-coverage="100% (1/1)">
              <conditions>
                <condition number="0" type="jump" coverage="100%"/>
              </conditions>
            </line>
            <line number="68" branch="false" hits="1560"/>
            <line number="69" branch="false" hits="1560"/>
            <line number="70" branch="false" hits="1560"/>
            <line number="71" branch="true" hits="1560" condition-coverage="100% (4/4)">
              <conditions>
                <condition number="0" type="jump" coverage="100%"/>
              </conditions>
            </line>
            <line number="72" branch="true" hits="202" condition-coverage="100% (4/4)">
              <conditions>
                <condition number="0" type="jump" coverage="100%"/>
              </conditions>
            </line>
            <line number="73" branch="true" hits="202" condition-coverage="100% (4/4)">
              <conditions>
                <condition number="0" type="jump" coverage="100%"/>
              </conditions>
            </line>
            <line number="74" branch="true" hits="202" condition-coverage="100% (4/4)">
              <conditions>
                <condition number="0" type="jump" coverage="100%"/>
              </conditions>
            </line>
            <line number="75" branch="true" hits="202" condition-coverage="100% (4/4)">
              <conditions>
                <condition number="0" type="jump" coverage="100%"/>
              </conditions>
            </line>
            <line number="76" branch="true" hits="202" condition-coverage="100% (4/4)">
              <conditions>
                <condition number="0" type="jump" coverage="100%"/>
              </conditions>
            </line>
            <line number="77" branch="true" hits="202" condition-coverage="100% (4/4)">
              <conditions>
                <condition number="0" type="jump" coverage="100%"/>
              </conditions>
            </line>
            <line number="78" branch="true" hits="202" condition-coverage="75% (3/4)">
              <conditions>
                <condition number="0" type="jump" coverage="75%"/>
              </conditions>
            </line>
            <line number="79" branch="false" hits="202"/>
            <line number="80" branch="false" hits="202"/>
            <line number="81" branch="false" hits="202"/>
            <line number="82" branch="false" hits="202"/>
            <line number="83" branch="false" hits="202"/>
            <line number="84" branch="false" hits="202"/>
            <line number="85" branch="false" hits="202"/>
            <line number="86" branch="false" hits="202"/>
            <line number="87" branch="false" hits="202"/>
            <line number="88" branch="false" hits="202"/>
            <line number="89" branch="true" hits="202" condition-coverage="100% (1/1)">
              <conditions>
                <condition number="0" type="jump" coverage="100%"/>
              </conditions>
            </line>
            <line number="90" branch="true" hits="1560" condition-coverage="100% (1/1)">
              <conditions>
                <condition number="0" type="jump" coverage="100%"/>
              </conditions>
            </line>
            <line number="91" branch="false" hits="37"/>
            <line number="92" branch="true" hits="37" condition-coverage="100% (1/1)">
              <conditions>
                <condition number="0" type="jump" coverage="100%"/>
              </conditions>
            </line>
            <line number="93" branch="false" hits="38"/>
          </lines>
        </class>
        <class name="Data+Base64URL" filename="Guardian/Crypto/Data+Base64URL.swift" line-rate="1.0000000000000000" branch-rate="1.0000000000000000" complexity="0.0">
          <methods/>
          <lines>
            <line number="27" branch="true" hits="159" condition-coverage="100% (1/1)">
              <conditions>
                <condition number="0" type="jump" coverage="100%"/>
              </conditions>
            </line>
            <line number="28" branch="false" hits="159"/>
            <line number="29" branch="false" hits="159"/>
            <line number="30" branch="false" hits="159"/>
            <line number="31" branch="false" hits="159"/>
            <line number="32" branch="false" hits="159"/>
            <line number="33" branch="false" hits="159"/>
            <line number="34" branch="false" hits="159"/>
            <line number="35" branch="false" hits="159"/>
            <line number="37" branch="true" hits="251" condition-coverage="100% (1/1)">
              <conditions>
                <condition number="0" type="jump" coverage="100%"/>
              </conditions>
            </line>
            <line number="38" branch="false" hits="251"/>
            <line number="39" branch="false" hits="251"/>
            <line number="40" branch="false" hits="251"/>
            <line number="41" branch="false" hits="251"/>
            <line number="42" branch="false" hits="251"/>
            <line number="43" branch="false" hits="251"/>
          </lines>
        </class>
        <class name="JWT" filename="Guardian/Crypto/JWT.swift" line-rate="0.9027777777777778" branch-rate="0.8055555555555556" complexity="0.0">
          <methods/>
          <lines>
            <line number="30" branch="true" hits="42" condition-coverage="100% (1/1)">
              <conditions>
                <condition number="0" type="jump" coverage="100%"/>
              </conditions>
            </line>
            <line number="31" branch="true" hits="42" condition-coverage="100% (2/2)">
              <conditions>
                <condition number="0" type="jump" coverage="100%"/>
              </conditions>
            </line>
            <line number="32" branch="true" hits="42" condition-coverage="100% (1/1)">
              <conditions>
                <condition number="0" type="jump" coverage="100%"/>
              </conditions>
            </line>
            <line number="33" branch="false" hits="42"/>
            <line number="34" branch="true" hits="42" condition-coverage="0% (0/1)">
              <conditions>
                <condition number="0" type="jump" coverage="0%"/>
              </conditions>
            </line>
            <line number="35" branch="false" hits="0"/>
            <line number="36" branch="true" hits="42" condition-coverage="100% (1/1)">
              <conditions>
                <condition number="0" type="jump" coverage="100%"/>
              </conditions>
            </line>
            <line number="37" branch="false" hits="42"/>
            <line number="38" branch="true" hits="42" condition-coverage="0% (0/1)">
              <conditions>
                <condition number="0" type="jump" coverage="0%"/>
              </conditions>
            </line>
            <line number="39" branch="false" hits="0"/>
            <line number="40" branch="true" hits="42" condition-coverage="100% (1/1)">
              <conditions>
                <condition number="0" type="jump" coverage="100%"/>
              </conditions>
            </line>
            <line number="41" branch="true" hits="42" condition-coverage="100% (1/1)">
              <conditions>
                <condition number="0" type="jump" coverage="100%"/>
              </conditions>
            </line>
            <line number="42" branch="false" hits="42"/>
            <line number="43" branch="false" hits="42"/>
            <line number="45" branch="true" hits="46" condition-coverage="100% (1/1)">
              <conditions>
                <condition number="0" type="jump" coverage="100%"/>
              </conditions>
            </line>
            <line number="46" branch="true" hits="46" condition-coverage="100% (2/2)">
              <conditions>
                <condition number="0" type="jump" coverage="100%"/>
              </conditions>
            </line>
            <line number="47" branch="true" hits="46" condition-coverage="100% (1/1)">
              <conditions>
                <condition number="0" type="jump" coverage="100%"/>
              </conditions>
            </line>
            <line number="48" branch="false" hits="46"/>
            <line number="49" branch="true" hits="46" condition-coverage="0% (0/1)">
              <conditions>
                <condition number="0" type="jump" coverage="0%"/>
              </conditions>
            </line>
            <line number="50" branch="false" hits="0"/>
            <line number="51" branch="true" hits="46" condition-coverage="100% (1/1)">
              <conditions>
                <condition number="0" type="jump" coverage="100%"/>
              </conditions>
            </line>
            <line number="52" branch="false" hits="46"/>
            <line number="53" branch="true" hits="46" condition-coverage="100% (1/1)">
              <conditions>
                <condition number="0" type="jump" coverage="100%"/>
              </conditions>
            </line>
            <line number="54" branch="false" hits="46"/>
            <line number="55" branch="false" hits="46"/>
            <line number="60" branch="true" hits="52" condition-coverage="100% (1/1)">
              <conditions>
                <condition number="0" type="jump" coverage="100%"/>
              </conditions>
            </line>
            <line number="84" branch="true" hits="42" condition-coverage="100% (1/1)">
              <conditions>
                <condition number="0" type="jump" coverage="100%"/>
              </conditions>
            </line>
            <line number="85" branch="false" hits="42"/>
            <line number="86" branch="false" hits="42"/>
            <line number="87" branch="false" hits="42"/>
            <line number="88" branch="true" hits="42" condition-coverage="100% (1/1)">
              <conditions>
                <condition number="0" type="jump" coverage="100%"/>
              </conditions>
            </line>
            <line number="89" branch="true" hits="42" condition-coverage="100% (1/1)">
              <conditions>
                <condition number="0" type="jump" coverage="100%"/>
              </conditions>
            </line>
            <line number="90" branch="false" hits="42"/>
            <line number="91" branch="true" hits="42" condition-coverage="0% (0/1)">
              <conditions>
                <condition number="0" type="jump" coverage="0%"/>
              </conditions>
            </line>
            <line number="92" branch="false" hits="0"/>
            <line number="93" branch="true" hits="42" condition-coverage="100% (1/1)">
              <conditions>
                <condition number="0" type="jump" coverage="100%"/>
              </conditions>
            </line>
            <line number="94" branch="true" hits="42" condition-coverage="100% (1/1)">
              <conditions>
                <condition number="0" type="jump" coverage="100%"/>
              </conditions>
            </line>
            <line number="95" branch="false" hits="42"/>
            <line number="96" branch="false" hits="42"/>
            <line number="97" branch="false" hits="42"/>
            <line number="98" branch="false" hits="42"/>
            <line number="99" branch="false" hits="42"/>
            <line number="100" branch="false" hits="42"/>
            <line number="102" branch="true" hits="52" condition-coverage="100% (1/1)">
              <conditions>
                <condition number="0" type="jump" coverage="100%"/>
              </conditions>
            </line>
            <line number="103" branch="false" hits="52"/>
            <line number="104" branch="true" hits="52" condition-coverage="0% (0/1)">
              <conditions>
                <condition number="0" type="jump" coverage="0%"/>
              </conditions>
            </line>
            <line number="105" branch="false" hits="0"/>
            <line number="106" branch="true" hits="52" condition-coverage="100% (1/1)">
              <conditions>
                <condition number="0" type="jump" coverage="100%"/>
              </conditions>
            </line>
            <line number="107" branch="false" hits="52"/>
            <line number="108" branch="false" hits="52"/>
            <line number="109" branch="true" hits="52" condition-coverage="0% (0/1)">
              <conditions>
                <condition number="0" type="jump" coverage="0%"/>
              </conditions>
            </line>
            <line number="110" branch="false" hits="0"/>
            <line number="111" branch="true" hits="52" condition-coverage="100% (1/1)">
              <conditions>
                <condition number="0" type="jump" coverage="100%"/>
              </conditions>
            </line>
            <line number="112" branch="false" hits="52"/>
            <line number="113" branch="false" hits="52"/>
            <line number="114" branch="false" hits="52"/>
            <line number="115" branch="false" hits="52"/>
            <line number="116" branch="true" hits="52" condition-coverage="100% (1/1)">
              <conditions>
                <condition number="0" type="jump" coverage="100%"/>
              </conditions>
            </line>
            <line number="117" branch="true" hits="52" condition-coverage="100% (1/1)">
              <conditions>
                <condition number="0" type="jump" coverage="100%"/>
              </conditions>
            </line>
            <line number="118" branch="false" hits="52"/>
            <line number="119" branch="false" hits="52"/>
            <line number="120" branch="false" hits="52"/>
            <line number="122" branch="true" hits="46" condition-coverage="100% (1/1)">
              <conditions>
                <condition number="0" type="jump" coverage="100%"/>
              </conditions>
            </line>
            <line number="123" branch="true" hits="46" condition-coverage="0% (0/1)">
              <conditions>
                <condition number="0" type="jump" coverage="0%"/>
              </conditions>
            </line>
            <line number="124" branch="false" hits="0"/>
            <line number="125" branch="true" hits="46" condition-coverage="100% (1/1)">
              <conditions>
                <condition number="0" type="jump" coverage="100%"/>
              </conditions>
            </line>
            <line number="126" branch="true" hits="46" condition-coverage="100% (1/1)">
              <conditions>
                <condition number="0" type="jump" coverage="100%"/>
              </conditions>
            </line>
            <line number="127" branch="false" hits="46"/>
            <line number="129" branch="true" hits="29" condition-coverage="100% (1/1)">
              <conditions>
                <condition number="0" type="jump" coverage="100%"/>
              </conditions>
            </line>
            <line number="130" branch="false" hits="29"/>
            <line number="131" branch="false" hits="29"/>
            <line number="156" branch="true" hits="40" condition-coverage="100% (1/1)">
              <conditions>
                <condition number="0" type="jump" coverage="100%"/>
              </conditions>
            </line>
          </lines>
        </class>
      </classes>
    </package>
    <package name="Guardian.Enrollment" line-rate="0.7978723404255319" branch-rate="0.8297872340425532" complexity="0.0">
      <classes>
        <class name="EnrollRequest" filename="Guardian/Enrollment/EnrollRequest.swift" line-rate="0.7205882352941176" branch-rate="0.8285714285714286" complexity="0.0">
          <methods/>
          <lines>
            <line number="43" branch="true" hits="12" condition-coverage="100% (1/1)">
              <conditions>
                <condition number="0" type="jump" coverage="100%"/>
              </conditions>
            </line>
            <line number="44" branch="false" hits="12"/>
            <line number="45" branch="false" hits="12"/>
            <line number="46" branch="false" hits="12"/>
            <line number="47" branch="false" hits="12"/>
            <line number="48" branch="false" hits="12"/>
            <line number="49" branch="false" hits="12"/>
            <line number="50" branch="false" hits="12"/>
            <line number="51" branch="true" hits="12" condition-coverage="100% (1/1)">
              <conditions>
                <condition number="0" type="jump" coverage="100%"/>
              </conditions>
            </line>
            <line number="52" branch="false" hits="8"/>
            <line number="53" branch="true" hits="8" condition-coverage="100% (2/2)">
              <conditions>
                <condition number="0" type="jump" coverage="100%"/>
              </conditions>
            </line>
            <line number="54" branch="false" hits="2"/>
            <line number="55" branch="true" hits="2" condition-coverage="100% (2/2)">
              <conditions>
                <condition number="0" type="jump" coverage="100%"/>
              </conditions>
            </line>
            <line number="56" branch="false" hits="2"/>
            <line number="57" branch="false" hits="2"/>
            <line number="58" branch="false" hits="2"/>
            <line number="59" branch="true" hits="10" condition-coverage="100% (1/1)">
              <conditions>
                <condition number="0" type="jump" coverage="100%"/>
              </conditions>
            </line>
            <line number="60" branch="false" hits="10"/>
            <line number="61" branch="false" hits="10"/>
            <line number="62" branch="false" hits="10"/>
            <line number="64" branch="true" hits="0" condition-coverage="0% (0/1)">
              <conditions>
                <condition number="0" type="jump" coverage="0%"/>
              </conditions>
            </line>
            <line number="65" branch="false" hits="0"/>
            <line number="66" branch="false" hits="0"/>
            <line number="67" branch="false" hits="0"/>
            <line number="69" branch="true" hits="0" condition-coverage="0% (0/1)">
              <conditions>
                <condition number="0" type="jump" coverage="0%"/>
              </conditions>
            </line>
            <line number="70" branch="false" hits="0"/>
            <line number="71" branch="false" hits="0"/>
            <line number="72" branch="false" hits="0"/>
            <line number="74" branch="true" hits="0" condition-coverage="0% (0/1)">
              <conditions>
                <condition number="0" type="jump" coverage="0%"/>
              </conditions>
            </line>
            <line number="75" branch="false" hits="0"/>
            <line number="76" branch="false" hits="0"/>
            <line number="77" branch="false" hits="0"/>
            <line number="79" branch="true" hits="0" condition-coverage="0% (0/1)">
              <conditions>
                <condition number="0" type="jump" coverage="0%"/>
              </conditions>
            </line>
            <line number="80" branch="false" hits="0"/>
            <line number="81" branch="false" hits="0"/>
            <line number="83" branch="true" hits="0" condition-coverage="0% (0/1)">
              <conditions>
                <condition number="0" type="jump" coverage="0%"/>
              </conditions>
            </line>
            <line number="84" branch="false" hits="0"/>
            <line number="85" branch="false" hits="0"/>
            <line number="93" branch="true" hits="12" condition-coverage="100% (1/1)">
              <conditions>
                <condition number="0" type="jump" coverage="100%"/>
              </conditions>
            </line>
            <line number="94" branch="true" hits="12" condition-coverage="100% (1/1)">
              <conditions>
                <condition number="0" type="jump" coverage="100%"/>
              </conditions>
            </line>
            <line number="95" branch="true" hits="12" condition-coverage="100% (2/2)">
              <conditions>
                <condition number="0" type="jump" coverage="100%"/>
              </conditions>
            </line>
            <line number="96" branch="true" hits="12" condition-coverage="100% (1/1)">
              <conditions>
                <condition number="0" type="jump" coverage="100%"/>
              </conditions>
            </line>
            <line number="97" branch="true" hits="8" condition-coverage="100% (1/1)">
              <conditions>
                <condition number="0" type="jump" coverage="100%"/>
              </conditions>
            </line>
            <line number="98" branch="true" hits="12" condition-coverage="100% (1/1)">
              <conditions>
                <condition number="0" type="jump" coverage="100%"/>
              </conditions>
            </line>
            <line number="99" branch="false" hits="4"/>
            <line number="100" branch="true" hits="4" condition-coverage="100% (1/1)">
              <conditions>
                <condition number="0" type="jump" coverage="100%"/>
              </conditions>
            </line>
            <line number="101" branch="true" hits="12" condition-coverage="100% (1/1)">
              <conditions>
                <condition number="0" type="jump" coverage="100%"/>
              </conditions>
            </line>
            <line number="102" branch="true" hits="12" condition-coverage="100% (1/1)">
              <conditions>
                <condition number="0" type="jump" coverage="100%"/>
              </conditions>
            </line>
            <line number="103" branch="false" hits="12"/>
            <line number="106" branch="true" hits="4" condition-coverage="100% (1/1)">
              <conditions>
                <condition number="0" type="jump" coverage="100%"/>
              </conditions>
            </line>
            <line number="107" branch="false" hits="4"/>
            <line number="108" branch="true" hits="4" condition-coverage="100% (3/3)">
              <conditions>
                <condition number="0" type="jump" coverage="100%"/>
              </conditions>
            </line>
            <line number="109" branch="false" hits="2"/>
            <line number="110" branch="true" hits="2" condition-coverage="100% (1/1)">
              <conditions>
                <condition number="0" type="jump" coverage="100%"/>
              </conditions>
            </line>
            <line number="111" branch="true" hits="2" condition-coverage="0% (0/1)">
              <conditions>
                <condition number="0" type="jump" coverage="0%"/>
              </conditions>
            </line>
            <line number="112" branch="false" hits="0"/>
            <line number="113" branch="true" hits="2" condition-coverage="100% (1/1)">
              <conditions>
                <condition number="0" type="jump" coverage="100%"/>
              </conditions>
            </line>
            <line number="114" branch="true" hits="2" condition-coverage="100% (1/1)">
              <conditions>
                <condition number="0" type="jump" coverage="100%"/>
              </conditions>
            </line>
            <line number="115" branch="false" hits="4"/>
            <line number="119" branch="true" hits="2" condition-coverage="100% (1/1)">
              <conditions>
                <condition number="0" type="jump" coverage="100%"/>
              </conditions>
            </line>
            <line number="120" branch="true" hits="16" condition-coverage="100% (1/1)">
              <conditions>
                <condition number="0" type="jump" coverage="100%"/>
              </conditions>
            </line>
            <line number="121" branch="false" hits="16"/>
            <line number="122" branch="true" hits="16" condition-coverage="100% (1/1)">
              <conditions>
                <condition number="0" type="jump" coverage="100%"/>
              </conditions>
            </line>
            <line number="123" branch="false" hits="16"/>
            <line number="124" branch="true" hits="16" condition-coverage="100% (1/1)">
              <conditions>
                <condition number="0" type="jump" coverage="100%"/>
              </conditions>
            </line>
            <line number="125" branch="false" hits="16"/>
            <line number="126" branch="true" hits="16" condition-coverage="100% (1/1)">
              <conditions>
                <condition number="0" type="jump" coverage="100%"/>
              </conditions>
            </line>
            <line number="127" branch="false" hits="2"/>
          </lines>
        </class>
        <class name="EnrolledDevice" filename="Guardian/Enrollment/EnrolledDevice.swift" line-rate="1.0000000000000000" branch-rate="0.8333333333333334" complexity="0.0">
          <methods/>
          <lines>
            <line number="73" branch="true" hits="1" condition-coverage="100% (1/1)">
              <conditions>
                <condition number="0" type="jump" coverage="100%"/>
              </conditions>
            </line>
            <line number="74" branch="false" hits="1"/>
            <line number="75" branch="false" hits="1"/>
            <line number="85" branch="true" hits="1" condition-coverage="100% (1/1)">
              <conditions>
                <condition number="0" type="jump" coverage="100%"/>
              </conditions>
            </line>
            <line number="86" branch="false" hits="1"/>
            <line number="87" branch="false" hits="1"/>
            <line number="106" branch="true" hits="8" condition-coverage="100% (1/1)">
              <conditions>
                <condition number="0" type="jump" coverage="100%"/>
              </conditions>
            </line>
            <line number="107" branch="false" hits="8"/>
            <line number="108" branch="false" hits="8"/>
            <line number="109" branch="false" hits="8"/>
            <line number="110" branch="false" hits="8"/>
            <line number="111" branch="false" hits="8"/>
            <line number="112" branch="false" hits="8"/>
            <line number="113" branch="false" hits="8"/>
            <line number="115" branch="true" hits="31" condition-coverage="100% (1/1)">
              <conditions>
                <condition number="0" type="jump" coverage="100%"/>
              </conditions>
            </line>
            <line number="116" branch="false" hits="31"/>
            <line number="117" branch="false" hits="31"/>
            <line number="119" branch="true" hits="11" condition-coverage="100% (1/1)">
              <conditions>
                <condition number="0" type="jump" coverage="100%"/>
              </conditions>
            </line>
            <line number="120" branch="false" hits="11"/>
            <line number="121" branch="false" hits="11"/>
            <line number="142" branch="true" hits="30" condition-coverage="100% (1/1)">
              <conditions>
                <condition number="0" type="jump" coverage="100%"/>
              </conditions>
            </line>
            <line number="143" branch="false" hits="30"/>
[...]
              </conditions>
            </line>
            <line number="94" branch="true" hits="1" condition-coverage="100% (1/1)">
              <conditions>
                <condition number="0" type="jump" coverage="100%"/>
              </conditions>
            </line>
            <line number="95" branch="true" hits="4" condition-coverage="0% (0/1)">
              <conditions>
                <condition number="0" type="jump" coverage="0%"/>
              </conditions>
            </line>
            <line number="96" branch="true" hits="0" condition-coverage="100% (1/1)">
              <conditions>
                <condition number="0" type="jump" coverage="100%"/>
              </conditions>
            </line>
            <line number="97" branch="true" hits="4" condition-coverage="100% (1/1)">
              <conditions>
                <condition number="0" type="jump" coverage="100%"/>
              </conditions>
            </line>
            <line number="98" branch="true" hits="1" condition-coverage="100% (1/1)">
              <conditions>
                <condition number="0" type="jump" coverage="100%"/>
              </conditions>
            </line>
            <line number="99" branch="true" hits="4" condition-coverage="0% (0/1)">
              <conditions>
                <condition number="0" type="jump" coverage="0%"/>
              </conditions>
            </line>
            <line number="100" branch="true" hits="0" condition-coverage="100% (1/1)">
              <conditions>
                <condition number="0" type="jump" coverage="100%"/>
              </conditions>
            </line>
            <line number="101" branch="false" hits="4"/>
            <line number="102" branch="false" hits="4"/>
            <line number="107" branch="true" hits="8" condition-coverage="100% (1/1)">
              <conditions>
                <condition number="0" type="jump" coverage="100%"/>
              </conditions>
            </line>
            <line number="108" branch="true" hits="8" condition-coverage="100% (2/2)">
              <conditions>
                <condition number="0" type="jump" coverage="100%"/>
              </conditions>
            </line>
            <line number="109" branch="false" hits="8"/>
          </lines>
        </class>
        <class name="NetworkOperation" filename="Guardian/Networking/NetworkOperation.swift" line-rate="0.9745762711864406" branch-rate="0.9142857142857143" complexity="0.0">
          <methods/>
          <lines>
            <line number="29" branch="true" hits="99" condition-coverage="100% (1/1)">
              <conditions>
                <condition number="0" type="jump" coverage="100%"/>
              </conditions>
            </line>
            <line number="30" branch="true" hits="99" condition-coverage="100% (1/1)">
              <conditions>
                <condition number="0" type="jump" coverage="100%"/>
              </conditions>
            </line>
            <line number="31" branch="true" hits="101" condition-coverage="100% (1/1)">
              <conditions>
                <condition number="0" type="jump" coverage="100%"/>
              </conditions>
            </line>
            <line number="34" branch="true" hits="7" condition-coverage="100% (1/1)">
              <conditions>
                <condition number="0" type="jump" coverage="100%"/>
              </conditions>
            </line>
            <line number="35" branch="false" hits="7"/>
            <line number="36" branch="false" hits="7"/>
            <line number="37" branch="false" hits="7"/>
            <line number="38" branch="false" hits="7"/>
            <line number="39" branch="false" hits="7"/>
            <line number="40" branch="false" hits="7"/>
            <line number="42" branch="true" hits="92" condition-coverage="100% (1/1)">
              <conditions>
                <condition number="0" type="jump" coverage="100%"/>
              </conditions>
            </line>
            <line number="43" branch="false" hits="92"/>
            <line number="44" branch="false" hits="92"/>
            <line number="45" branch="false" hits="92"/>
            <line number="46" branch="true" hits="92" condition-coverage="66% (2/3)">
              <conditions>
                <condition number="0" type="jump" coverage="66%"/>
              </conditions>
            </line>
            <line number="47" branch="true" hits="175" condition-coverage="100% (2/2)">
              <conditions>
                <condition number="0" type="jump" coverage="100%"/>
              </conditions>
            </line>
            <line number="48" branch="false" hits="92"/>
            <line number="49" branch="true" hits="92" condition-coverage="100% (1/1)">
              <conditions>
                <condition number="0" type="jump" coverage="100%"/>
              </conditions>
            </line>
            <line number="50" branch="true" hits="40" condition-coverage="100% (1/1)">
              <conditions>
                <condition number="0" type="jump" coverage="100%"/>
              </conditions>
            </line>
            <line number="51" branch="true" hits="92" condition-coverage="100% (1/1)">
              <conditions>
                <condition number="0" type="jump" coverage="100%"/>
              </conditions>
            </line>
            <line number="52" branch="false" hits="92"/>
            <line number="53" branch="false" hits="92"/>
            <line number="54" branch="false" hits="92"/>
            <line number="55" branch="false" hits="92"/>
            <line number="56" branch="false" hits="92"/>
            <line number="63" branch="true" hits="31" condition-coverage="100% (1/1)">
              <conditions>
                <condition number="0" type="jump" coverage="100%"/>
              </conditions>
            </line>
            <line number="64" branch="false" hits="31"/>
            <line number="65" branch="false" hits="31"/>
            <line number="66" branch="false" hits="31"/>
            <line number="67" branch="false" hits="31"/>
            <line number="79" branch="true" hits="29" condition-coverage="100% (1/1)">
              <conditions>
                <condition number="0" type="jump" coverage="100%"/>
              </conditions>
            </line>
            <line number="80" branch="false" hits="29"/>
            <line number="81" branch="true" hits="29" condition-coverage="100% (4/4)">
              <conditions>
                <condition number="0" type="jump" coverage="100%"/>
              </conditions>
            </line>
            <line number="82" branch="false" hits="29"/>
            <line number="83" branch="false" hits="29"/>
            <line number="90" branch="true" hits="54" condition-coverage="100% (1/1)">
              <conditions>
                <condition number="0" type="jump" coverage="100%"/>
              </conditions>
            </line>
            <line number="91" branch="false" hits="54"/>
            <line number="92" branch="false" hits="54"/>
            <line number="93" branch="false" hits="54"/>
            <line number="94" branch="false" hits="54"/>
            <line number="101" branch="true" hits="75" condition-coverage="100% (1/1)">
              <conditions>
                <condition number="0" type="jump" coverage="100%"/>
              </conditions>
            </line>
            <line number="102" branch="false" hits="75"/>
            <line number="103" branch="true" hits="75" condition-coverage="100% (1/1)">
              <conditions>
                <condition number="0" type="jump" coverage="100%"/>
              </conditions>
            </line>
            <line number="104" branch="false" hits="7"/>
            <line number="105" branch="true" hits="68" condition-coverage="100% (1/1)">
              <conditions>
                <condition number="0" type="jump" coverage="100%"/>
              </conditions>
            </line>
            <line number="106" branch="true" hits="68" condition-coverage="100% (1/1)">
              <conditions>
                <condition number="0" type="jump" coverage="100%"/>
              </conditions>
            </line>
            <line number="107" branch="false" hits="68"/>
            <line number="108" branch="true" hits="68" condition-coverage="100% (1/1)">
              <conditions>
                <condition number="0" type="jump" coverage="100%"/>
              </conditions>
            </line>
            <line number="109" branch="false" hits="68"/>
            <line number="110" branch="false" hits="68"/>
            <line number="112" branch="true" hits="68" condition-coverage="100% (1/1)">
              <conditions>
                <condition number="0" type="jump" coverage="100%"/>
              </conditions>
            </line>
            <line number="113" branch="true" hits="68" condition-coverage="100% (1/1)">
              <conditions>
                <condition number="0" type="jump" coverage="100%"/>
              </conditions>
            </line>
            <line number="114" branch="false" hits="3"/>
            <line number="115" branch="true" hits="65" condition-coverage="100% (1/1)">
              <conditions>
                <condition number="0" type="jump" coverage="100%"/>
              </conditions>
            </line>
            <line number="116" branch="false" hits="65"/>
            <line number="117" branch="true" hits="65" condition-coverage="100% (1/1)">
              <conditions>
                <condition number="0" type="jump" coverage="100%"/>
              </conditions>
            </line>
            <line number="118" branch="false" hits="2"/>
            <line number="119" branch="true" hits="63" condition-coverage="100% (1/1)">
              <conditions>
                <condition number="0" type="jump" coverage="100%"/>
              </conditions>
            </line>
            <line number="120" branch="false" hits="63"/>
            <line number="121" branch="false" hits="63"/>
            <line number="122" branch="false" hits="63"/>
            <line number="123" branch="false" hits="63"/>
            <line number="124" branch="false" hits="63"/>
            <line number="125" branch="true" hits="63" condition-coverage="100% (1/1)">
              <conditions>
                <condition number="0" type="jump" coverage="100%"/>
              </conditions>
            </line>
            <line number="126" branch="false" hits="25"/>
            <line number="127" branch="true" hits="25" condition-coverage="100% (2/2)">
              <conditions>
                <condition number="0" type="jump" coverage="100%"/>
              </conditions>
            </line>
            <line number="128" branch="false" hits="25"/>
            <line number="129" branch="true" hits="38" condition-coverage="100% (1/1)">
              <conditions>
                <condition number="0" type="jump" coverage="100%"/>
              </conditions>
            </line>
            <line number="130" branch="false" hits="38"/>
            <line number="131" branch="true" hits="38" condition-coverage="100% (3/3)">
              <conditions>
                <condition number="0" type="jump" coverage="100%"/>
              </conditions>
            </line>
            <line number="132" branch="false" hits="2"/>
            <line number="133" branch="true" hits="36" condition-coverage="100% (1/1)">
              <conditions>
                <condition number="0" type="jump" coverage="100%"/>
              </conditions>
            </line>
            <line number="134" branch="false" hits="36"/>
            <line number="135" branch="true" hits="36" condition-coverage="100% (3/3)">
              <conditions>
                <condition number="0" type="jump" coverage="100%"/>
              </conditions>
            </line>
            <line number="136" branch="false" hits="3"/>
            <line number="137" branch="true" hits="33" condition-coverage="100% (1/1)">
              <conditions>
                <condition number="0" type="jump" coverage="100%"/>
              </conditions>
            </line>
            <line number="138" branch="false" hits="33"/>
            <line number="139" branch="true" hits="33" condition-coverage="100% (1/1)">
              <conditions>
                <condition number="0" type="jump" coverage="100%"/>
              </conditions>
            </line>
            <line number="140" branch="true" hits="33" condition-coverage="100% (1/1)">
              <conditions>
                <condition number="0" type="jump" coverage="100%"/>
              </conditions>
            </line>
            <line number="141" branch="true" hits="29" condition-coverage="100% (1/1)">
              <conditions>
                <condition number="0" type="jump" coverage="100%"/>
              </conditions>
            </line>
            <line number="142" branch="true" hits="33" condition-coverage="100% (1/1)">
              <conditions>
                <condition number="0" type="jump" coverage="100%"/>
              </conditions>
            </line>
            <line number="143" branch="false" hits="4"/>
            <line number="144" branch="true" hits="4" condition-coverage="100% (1/1)">
              <conditions>
                <condition number="0" type="jump" coverage="100%"/>
              </conditions>
            </line>
            <line number="145" branch="false" hits="33"/>
            <line number="147" branch="true" hits="3" condition-coverage="100% (1/1)">
              <conditions>
                <condition number="0" type="jump" coverage="100%"/>
              </conditions>
            </line>
            <line number="148" branch="true" hits="3" condition-coverage="50% (1/2)">
              <conditions>
                <condition number="0" type="jump" coverage="50%"/>
              </conditions>
            </line>
            <line number="149" branch="true" hits="0" condition-coverage="100% (1/1)">
              <conditions>
                <condition number="0" type="jump" coverage="100%"/>
              </conditions>
            </line>
            <line number="150" branch="false" hits="3"/>
            <line number="168" branch="true" hits="2" condition-coverage="100% (1/1)">
              <conditions>
                <condition number="0" type="jump" coverage="100%"/>
              </conditions>
            </line>
            <line number="169" branch="false" hits="2"/>
            <line number="170" branch="false" hits="2"/>
            <line number="172" branch="true" hits="2" condition-coverage="100% (1/1)">
              <conditions>
                <condition number="0" type="jump" coverage="100%"/>
              </conditions>
            </line>
            <line number="173" branch="false" hits="2"/>
            <line number="174" branch="true" hits="2" condition-coverage="100% (2/2)">
              <conditions>
                <condition number="0" type="jump" coverage="100%"/>
              </conditions>
            </line>
            <line number="175" branch="false" hits="2"/>
            <line number="176" branch="false" hits="2"/>
            <line number="177" branch="false" hits="2"/>
            <line number="178" branch="false" hits="2"/>
            <line number="179" branch="false" hits="2"/>
            <line number="180" branch="true" hits="2" condition-coverage="0% (0/1)">
              <conditions>
                <condition number="0" type="jump" coverage="0%"/>
              </conditions>
            </line>
            <line number="181" branch="false" hits="0"/>
            <line number="182" branch="true" hits="0" condition-coverage="100% (1/1)">
              <conditions>
                <condition number="0" type="jump" coverage="100%"/>
              </conditions>
            </line>
            <line number="183" branch="false" hits="2"/>
            <line number="184" branch="false" hits="2"/>
            <line number="195" branch="true" hits="1" condition-coverage="100% (1/1)">
              <conditions>
                <condition number="0" type="jump" coverage="100%"/>
              </conditions>
            </line>
            <line number="196" branch="false" hits="1"/>
            <line number="197" branch="false" hits="1"/>
            <line number="198" branch="false" hits="1"/>
            <line number="199" branch="false" hits="1"/>
            <line number="200" branch="false" hits="1"/>
            <line number="201" branch="false" hits="1"/>
            <line number="203" branch="true" hits="92" condition-coverage="100% (1/1)">
              <conditions>
                <condition number="0" type="jump" coverage="100%"/>
              </conditions>
            </line>
            <line number="204" branch="true" hits="92" condition-coverage="50% (1/2)">
              <conditions>
                <condition number="0" type="jump" coverage="50%"/>
              </conditions>
            </line>
            <line number="205" branch="false" hits="92"/>
            <line number="206" branch="true" hits="92" condition-coverage="66% (2/3)">
              <conditions>
                <condition number="0" type="jump" coverage="66%"/>
              </conditions>
            </line>
            <line number="207" branch="true" hits="92" condition-coverage="100% (4/4)">
              <conditions>
                <condition number="0" type="jump" coverage="100%"/>
              </conditions>
            </line>
            <line number="208" branch="true" hits="92" condition-coverage="50% (1/2)">
              <conditions>
                <condition number="0" type="jump" coverage="50%"/>
              </conditions>
            </line>
            <line number="209" branch="false" hits="92"/>
          </lines>
        </class>
        <class name="NoContentDecoder" filename="Guardian/Networking/NoContentDecoder.swift" line-rate="1.0000000000000000" branch-rate="1.0000000000000000" complexity="0.0">
          <methods/>
          <lines>
            <line number="27" branch="true" hits="10" condition-coverage="100% (1/1)">
              <conditions>
                <condition number="0" type="jump" coverage="100%"/>
              </conditions>
            </line>
            <line number="29" branch="true" hits="10" condition-coverage="100% (1/1)">
              <conditions>
                <condition number="0" type="jump" coverage="100%"/>
              </conditions>
            </line>
            <line number="31" branch="true" hits="2" condition-coverage="100% (1/1)">
              <conditions>
                <condition number="0" type="jump" coverage="100%"/>
              </conditions>
            </line>
            <line number="32" branch="false" hits="2"/>
            <line number="33" branch="false" hits="2"/>
            <line number="35" branch="true" hits="1" condition-coverage="100% (1/1)">
              <conditions>
                <condition number="0" type="jump" coverage="100%"/>
              </conditions>
            </line>
            <line number="36" branch="false" hits="1"/>
            <line number="37" branch="false" hits="1"/>
            <line number="39" branch="true" hits="2" condition-coverage="100% (1/1)">
              <conditions>
                <condition number="0" type="jump" coverage="100%"/>
              </conditions>
            </line>
            <line number="40" branch="false" hits="2"/>
            <line number="41" branch="false" hits="2"/>
            <line number="44" branch="true" hits="5" condition-coverage="100% (1/1)">
              <conditions>
                <condition number="0" type="jump" coverage="100%"/>
              </conditions>
            </line>
          </lines>
        </class>
      </classes>
    </package>
  </packages>
</coverage>
